Arguments: 
  /usr/local/Cellar/node/16.4.0/bin/node /usr/local/Cellar/yarn/1.22.4/libexec/bin/yarn.js install

PATH: 
  /Users/nathanielcaird/.netlify/helper/bin:/usr/local/bin:/usr/bin:/bin:/usr/sbin:/sbin:/Library/Apple/usr/bin

Yarn version: 
  1.22.4

Node version: 
  16.4.0

Platform: 
  darwin x64

Trace: 
  SyntaxError: /Users/nathanielcaird/Documents/dev/social-preview-test/package.json: Unexpected token } in JSON at position 1866
      at JSON.parse (<anonymous>)
      at /usr/local/Cellar/yarn/1.22.4/libexec/lib/cli.js:1625:59
      at Generator.next (<anonymous>)
      at step (/usr/local/Cellar/yarn/1.22.4/libexec/lib/cli.js:310:30)
      at /usr/local/Cellar/yarn/1.22.4/libexec/lib/cli.js:321:13

npm manifest: 
  {
    "name": "social-preview-test",
    "version": "1.0.0",
    "license": "MIT",
    "scripts": {
      "rollup": "rollup -c",
      "watch:sass": "sass --no-source-map --watch src/sass:src/_includes/css",
      "watch:eleventy": "eleventy --serve",
      "build:sass-site": "sass --no-source-map src/sass/global.scss src/_includes/css/global.css",
      "build:sass-social": "sass --no-source-map src/sass/social.scss src/_includes/css/social.css",
      "build:sass": "npm-run-all --parallel build:sass-site",
      "build:eleventy": "eleventy",
      "postbuild": "postcss public/css/*.css -u autoprefixer cssnano -r",
      "start": "rollup -c && cross-env ELEVENTY_ENV=dev npm-run-all build:sass --parallel watch:*",
      "build": "cross-env ELEVENTY_ENV=prod npm-run-all build:sass build:eleventy social-images",
      "lint": "stylelint 'src/sass/**/*.scss' 'src/sass/**/**/*.scss' 'src/sass/**/**/**/*.scss'",
      "lint:fix": "stylelint --fix 'src/sass/**/*.scss' 'src/sass/**/**/*.scss' 'src/sass/**/**/**/*.scss'",
      "social-images": "eleventy-social-images --siteName 'Social Preview Test' --outputDir public --dataFile ./previews.json --stylesPath public/css/social.css",
      "bump": "npm --no-git-tag-version version"
    },
    "dependencies": {
      "@11ty/eleventy": "^0.11.1",
      "@11ty/eleventy-plugin-rss": "^1.1.0",
      "@11ty/eleventy-plugin-syntaxhighlight": "^3.0.6",
      "@11tyrocks/eleventy-plugin-social-images": "^0.1.3",
      "@rollup/plugin-commonjs": "^18.0.0",
      "@rollup/plugin-node-resolve": "^11.2.1",
      "concurrently": "^6.0.0",
      "gorko": "^0.2.3",
      "html-minifier": "^4.0.0",
      "jsdom": "^16.4.0",
      "markdown-it": "^12.0.4",
      "markdown-it-anchor": "^7.0.2",
      "markdown-it-attrs": "^4.0.0",
      "markdown-it-div": "^1.1.0",
      "rollup": "^2.44.0",
      "rollup-plugin-terser": "^7.0.2",
      "terser": "^5.6.1",
      "cross-env": "^7.0.2",
    }
  }

yarn manifest: 
  No manifest

Lockfile: 
  No lockfile
